  Building Custom Rule E:/Repositories/ZLMediaKit/3rdpart/CMakeLists.txt
  CMake does not need to re-run because E:/Repositories/ZLMediaKit/3rdpart/CMakeFiles/generate.stamp is up-to-date.
  Microsoft (R) C/C++ Optimizing Compiler Version 19.16.27053 for x86
  Copyright (C) Microsoft Corporation.  All rights reserved.
  
  cl /c /IE:\Repositories\ZLMediaKit /IE:\Repositories\ZLMediaKit\3rdpart /I"E:\Repositories\ZLMediaKit\3rdpart\media-server\libmpeg\include" /IE:\Repositories\ZLMediaKit\3rdpart\wepoll /Zi /W3 /WX- /diagnostics:classic /Od /Ob0 /Oy- /D WIN32 /D _WINDOWS /D MPEG_H26X_VERIFY /D MPEG_ZERO_PAYLOAD_LENGTH /D MPEG_DAHUA_AAC_FROM_G711 /D DBUG_OFF /D SOCKET_DEFAULT_BUF_SIZE=262144 /D HAS_EPOLL /D "CMAKE_INTDIR=\"Debug\"" /D _MBCS /Gm- /EHsc /RTC1 /MTd /GS /fp:precise /Zc:wchar_t /Zc:forScope /Zc:inline /Fo"mpeg.dir\Debug\\" /Fd"mpeg.dir\Debug\mpeg.pdb" /Gd /TC /wd4566 /wd4819 /analyze- /FC /errorReport:prompt  /utf-8 "E:\Repositories\ZLMediaKit\3rdpart\media-server\libmpeg\source\mpeg-crc32.c" "E:\Repositories\ZLMediaKit\3rdpart\media-server\libmpeg\source\mpeg-element-descriptor.c" "E:\Repositories\ZLMediaKit\3rdpart\media-server\libmpeg\source\mpeg-muxer.c" "E:\Repositories\ZLMediaKit\3rdpart\media-server\libmpeg\source\mpeg-pack-header.c" "E:\Repositories\ZLMediaKit\3rdpart\media-server\libmpeg\source\mpeg-packet.c" "E:\Repositories\ZLMediaKit\3rdpart\media-server\libmpeg\source\mpeg-pat.c" "E:\Repositories\ZLMediaKit\3rdpart\media-server\libmpeg\source\mpeg-pes.c" "E:\Repositories\ZLMediaKit\3rdpart\media-server\libmpeg\source\mpeg-pmt.c" "E:\Repositories\ZLMediaKit\3rdpart\media-server\libmpeg\source\mpeg-ps-dec.c" "E:\Repositories\ZLMediaKit\3rdpart\media-server\libmpeg\source\mpeg-ps-enc.c" "E:\Repositories\ZLMediaKit\3rdpart\media-server\libmpeg\source\mpeg-psd.c" "E:\Repositories\ZLMediaKit\3rdpart\media-server\libmpeg\source\mpeg-psm.c" "E:\Repositories\ZLMediaKit\3rdpart\media-server\libmpeg\source\mpeg-sdt.c" "E:\Repositories\ZLMediaKit\3rdpart\media-server\libmpeg\source\mpeg-system-header.c" "E:\Repositories\ZLMediaKit\3rdpart\media-server\libmpeg\source\mpeg-ts-dec.c" "E:\Repositories\ZLMediaKit\3rdpart\media-server\libmpeg\source\mpeg-ts-enc.c" "E:\Repositories\ZLMediaKit\3rdpart\media-server\libmpeg\source\mpeg-ts-h264.c" "E:\Repositories\ZLMediaKit\3rdpart\media-server\libmpeg\source\mpeg-ts-h265.c" "E:\Repositories\ZLMediaKit\3rdpart\media-server\libmpeg\source\mpeg-ts-h266.c" "E:\Repositories\ZLMediaKit\3rdpart\media-server\libmpeg\source\mpeg-util.c"
  
  mpeg-crc32.c
  mpeg-element-descriptor.c
e:\repositories\zlmediakit\3rdpart\media-server\libmpeg\source\mpeg-element-descriptor.c(650): warning C4018: '<': signed/unsigned mismatch
e:\repositories\zlmediakit\3rdpart\media-server\libmpeg\source\mpeg-element-descriptor.c(700): warning C4996: 'localtime': This function or variable may be unsafe. Consider using localtime_s instead. To disable deprecation, use _CRT_SECURE_NO_WARNINGS. See online help for details.
  c:\program files (x86)\windows kits\10\include\10.0.22621.0\ucrt\time.h(525): note: see declaration of 'localtime'
  mpeg-muxer.c
  This file is deprecated. Please use "mpeg-ts.h" or "mpeg-ps.h" only
  mpeg-pack-header.c
  mpeg-packet.c
e:\repositories\zlmediakit\3rdpart\media-server\libmpeg\source\mpeg-packet.c(73): warning C4018: '<': signed/unsigned mismatch
e:\repositories\zlmediakit\3rdpart\media-server\libmpeg\source\mpeg-packet.c(97): warning C4018: '<=': signed/unsigned mismatch
e:\repositories\zlmediakit\3rdpart\media-server\libmpeg\source\mpeg-packet.c(98): warning C4018: '>': signed/unsigned mismatch
  mpeg-pat.c
  mpeg-pes.c
  mpeg-pmt.c
e:\repositories\zlmediakit\3rdpart\media-server\libmpeg\source\mpeg-pmt.c(35): warning C4101: 'channels': unreferenced local variable
  mpeg-ps-dec.c
e:\repositories\zlmediakit\3rdpart\media-server\libmpeg\source\mpeg-ps-dec.c(365): warning C4018: '<=': signed/unsigned mismatch
e:\repositories\zlmediakit\3rdpart\media-server\libmpeg\source\mpeg-ps-dec.c(366): warning C4018: '>=': signed/unsigned mismatch
  mpeg-ps-enc.c
  mpeg-psd.c
  mpeg-psm.c
  mpeg-sdt.c
  mpeg-system-header.c
  mpeg-ts-dec.c
e:\repositories\zlmediakit\3rdpart\media-server\libmpeg\source\mpeg-ts-dec.c(257): warning C4244: '=': conversion from 'uint64_t' to 'size_t', possible loss of data
  mpeg-ts-enc.c
  mpeg-ts-h264.c
  mpeg-ts-h265.c
  mpeg-ts-h266.c
  mpeg-util.c
  Generating Code...
  mpeg.vcxproj -> E:\Repositories\ZLMediaKit\release\windows\Debug\Debug\mpeg.lib
