  Building Custom Rule E:/Repositories/ZLMediaKit/3rdpart/CMakeLists.txt
  CMake does not need to re-run because E:/Repositories/ZLMediaKit/3rdpart/CMakeFiles/generate.stamp is up-to-date.
  Microsoft (R) C/C++ Optimizing Compiler Version 19.16.27053 for x86
  Copyright (C) Microsoft Corporation.  All rights reserved.
  
  cl /c /IE:\Repositories\ZLMediaKit /IE:\Repositories\ZLMediaKit\3rdpart /IE:\Repositories\ZLMediaKit\3rdpart\wepoll /IE:\Repositories\ZLMediaKit\3rdpart\ZLToolKit\src /Zi /W3 /WX- /diagnostics:classic /Od /Ob0 /Oy- /D WIN32 /D _WINDOWS /D WIN32_LEAN_AND_MEAN /D MP4V2_NO_STDINT_DEFS /D _CRT_SECURE_NO_WARNINGS /D _WINSOCK_DEPRECATED_NO_WARNINGS /D DBUG_OFF /D SOCKET_DEFAULT_BUF_SIZE=262144 /D HAS_EPOLL /D "CMAKE_INTDIR=\"Debug\"" /D _MBCS /Gm- /EHsc /RTC1 /MTd /GS /fp:precise /Zc:wchar_t /Zc:forScope /Zc:inline /GR /Fo"zltoolkit.dir\Debug\\" /Fd"zltoolkit.dir\Debug\zltoolkit.pdb" /Gd /TP /wd4566 /wd4819 /analyze- /FC /errorReport:prompt  /utf-8 E:\Repositories\ZLMediaKit\3rdpart\ZLToolKit\src\Network\Buffer.cpp E:\Repositories\ZLMediaKit\3rdpart\ZLToolKit\src\Network\BufferSock.cpp E:\Repositories\ZLMediaKit\3rdpart\ZLToolKit\src\Network\Server.cpp E:\Repositories\ZLMediaKit\3rdpart\ZLToolKit\src\Network\Session.cpp E:\Repositories\ZLMediaKit\3rdpart\ZLToolKit\src\Network\Socket.cpp E:\Repositories\ZLMediaKit\3rdpart\ZLToolKit\src\Network\TcpClient.cpp E:\Repositories\ZLMediaKit\3rdpart\ZLToolKit\src\Network\TcpServer.cpp E:\Repositories\ZLMediaKit\3rdpart\ZLToolKit\src\Network\UdpServer.cpp E:\Repositories\ZLMediaKit\3rdpart\ZLToolKit\src\Network\sockutil.cpp E:\Repositories\ZLMediaKit\3rdpart\ZLToolKit\src\Poller\EventPoller.cpp E:\Repositories\ZLMediaKit\3rdpart\ZLToolKit\src\Poller\Pipe.cpp E:\Repositories\ZLMediaKit\3rdpart\ZLToolKit\src\Poller\PipeWrap.cpp E:\Repositories\ZLMediaKit\3rdpart\ZLToolKit\src\Poller\SelectWrap.cpp E:\Repositories\ZLMediaKit\3rdpart\ZLToolKit\src\Poller\Timer.cpp E:\Repositories\ZLMediaKit\3rdpart\ZLToolKit\src\Thread\TaskExecutor.cpp E:\Repositories\ZLMediaKit\3rdpart\ZLToolKit\src\Thread\WorkThreadPool.cpp E:\Repositories\ZLMediaKit\3rdpart\ZLToolKit\src\Util\CMD.cpp E:\Repositories\ZLMediaKit\3rdpart\ZLToolKit\src\Util\File.cpp E:\Repositories\ZLMediaKit\3rdpart\ZLToolKit\src\Util\MD5.cpp E:\Repositories\ZLMediaKit\3rdpart\ZLToolKit\src\Util\NoticeCenter.cpp E:\Repositories\ZLMediaKit\3rdpart\ZLToolKit\src\Util\SHA1.cpp E:\Repositories\ZLMediaKit\3rdpart\ZLToolKit\src\Util\SSLBox.cpp E:\Repositories\ZLMediaKit\3rdpart\ZLToolKit\src\Util\SSLUtil.cpp E:\Repositories\ZLMediaKit\3rdpart\ZLToolKit\src\Util\SqlPool.cpp E:\Repositories\ZLMediaKit\3rdpart\ZLToolKit\src\Util\base64.cpp E:\Repositories\ZLMediaKit\3rdpart\ZLToolKit\src\Util\local_time.cpp E:\Repositories\ZLMediaKit\3rdpart\ZLToolKit\src\Util\logger.cpp E:\Repositories\ZLMediaKit\3rdpart\ZLToolKit\src\Util\mini.cpp E:\Repositories\ZLMediaKit\3rdpart\ZLToolKit\src\Util\strptime_win.cpp E:\Repositories\ZLMediaKit\3rdpart\ZLToolKit\src\Util\util.cpp E:\Repositories\ZLMediaKit\3rdpart\ZLToolKit\src\Util\uv_errno.cpp E:\Repositories\ZLMediaKit\3rdpart\wepoll\sys\epoll.cpp
  
  Buffer.cpp
  BufferSock.cpp
  Server.cpp
  Session.cpp
  Socket.cpp
  TcpClient.cpp
  TcpServer.cpp
  UdpServer.cpp
  sockutil.cpp
  EventPoller.cpp
e:\repositories\zlmediakit\3rdpart\zltoolkit\src\poller\eventpoller.cpp(367): warning C4244: 'argument': conversion from 'uint64_t' to 'int', possible loss of data
  Pipe.cpp
  PipeWrap.cpp
  SelectWrap.cpp
  Timer.cpp
  TaskExecutor.cpp
  WorkThreadPool.cpp
  CMD.cpp
  File.cpp
  MD5.cpp
  NoticeCenter.cpp
  Generating Code...
  Compiling...
  SHA1.cpp
e:\repositories\zlmediakit\3rdpart\zltoolkit\src\util\sha1.cpp(240): warning C4244: 'argument': conversion from 'std::streamsize' to 'const unsigned int', possible loss of data
e:\repositories\zlmediakit\3rdpart\zltoolkit\src\util\sha1.cpp(279): warning C4309: 'argument': truncation of constant value
e:\repositories\zlmediakit\3rdpart\zltoolkit\src\util\sha1.cpp(299): warning C4244: '=': conversion from 'uint64_t' to 'uint32_t', possible loss of data
  SSLBox.cpp
  SSLUtil.cpp
  SqlPool.cpp
  base64.cpp
  local_time.cpp
e:\repositories\zlmediakit\3rdpart\zltoolkit\src\util\local_time.cpp(89): warning C4244: '=': conversion from 'time_t' to 'int', possible loss of data
e:\repositories\zlmediakit\3rdpart\zltoolkit\src\util\local_time.cpp(110): warning C4244: '=': conversion from 'time_t' to 'int', possible loss of data
e:\repositories\zlmediakit\3rdpart\zltoolkit\src\util\local_time.cpp(124): warning C4244: '=': conversion from 'time_t' to 'int', possible loss of data
e:\repositories\zlmediakit\3rdpart\zltoolkit\src\util\local_time.cpp(130): warning C4996: 'tzset': The POSIX name for this item is deprecated. Instead, use the ISO C and C++ conformant name: _tzset. See online help for details.
  c:\program files (x86)\windows kits\10\include\10.0.22621.0\ucrt\time.h(638): note: see declaration of 'tzset'
  logger.cpp
e:\repositories\zlmediakit\3rdpart\zltoolkit\src\util\logger.cpp(477): warning C4244: 'return': conversion from 'std::streamoff' to 'size_t', possible loss of data
  mini.cpp
  strptime_win.cpp
  util.cpp
e:\repositories\zlmediakit\3rdpart\zltoolkit\src\util\util.cpp(674): warning C4297: 'Assert_Throw': function assumed not to throw an exception but does
  e:\repositories\zlmediakit\3rdpart\zltoolkit\src\util\util.cpp(674): note: The function is extern "C" and /EHc was specified
c:\program files (x86)\microsoft visual studio\2017\buildtools\vc\tools\msvc\14.16.27023\include\algorithm(1443): warning C4244: '=': conversion from 'wint_t' to 'char', possible loss of data
  e:\repositories\zlmediakit\3rdpart\zltoolkit\src\util\util.cpp(201): note: see reference to function template instantiation '_OutIt std::transform<std::_String_iterator<std::_String_val<std::_Simple_types<_Ty>>>,std::_String_iterator<std::_String_val<std::_Simple_types<_Ty>>>,wint_t(__cdecl *)(wint_t)>(const _InIt,const _InIt,_OutIt,_Fn)' being compiled
          with
          [
              _OutIt=std::_String_iterator<std::_String_val<std::_Simple_types<char>>>,
              _Ty=char,
              _InIt=std::_String_iterator<std::_String_val<std::_Simple_types<char>>>,
              _Fn=wint_t (__cdecl *)(wint_t)
          ]
  uv_errno.cpp
  epoll.cpp
  Generating Code...
  Microsoft (R) C/C++ Optimizing Compiler Version 19.16.27053 for x86
  Copyright (C) Microsoft Corporation.  All rights reserved.
  
  cl /c /IE:\Repositories\ZLMediaKit /IE:\Repositories\ZLMediaKit\3rdpart /IE:\Repositories\ZLMediaKit\3rdpart\wepoll /IE:\Repositories\ZLMediaKit\3rdpart\ZLToolKit\src /Zi /W3 /WX- /diagnostics:classic /Od /Ob0 /Oy- /D WIN32 /D _WINDOWS /D WIN32_LEAN_AND_MEAN /D MP4V2_NO_STDINT_DEFS /D _CRT_SECURE_NO_WARNINGS /D _WINSOCK_DEPRECATED_NO_WARNINGS /D DBUG_OFF /D SOCKET_DEFAULT_BUF_SIZE=262144 /D HAS_EPOLL /D "CMAKE_INTDIR=\"Debug\"" /D _MBCS /Gm- /EHsc /RTC1 /MTd /GS /fp:precise /Zc:wchar_t /Zc:forScope /Zc:inline /GR /Fo"zltoolkit.dir\Debug\\" /Fd"zltoolkit.dir\Debug\zltoolkit.pdb" /Gd /TC /wd4566 /wd4819 /analyze- /FC /errorReport:prompt  /utf-8 E:\Repositories\ZLMediaKit\3rdpart\ZLToolKit\src\win32\getopt.c E:\Repositories\ZLMediaKit\3rdpart\wepoll\wepoll.c
  
  getopt.c
  wepoll.c
  Generating Code...
  zltoolkit.vcxproj -> E:\Repositories\ZLMediaKit\release\windows\Debug\Debug\zltoolkit.lib
